<?xml version="1.0" encoding="UTF-8"?>
<robot generator="Robot 7.0 (Python 3.9.5 on darwin)" generated="2024-05-17T11:22:43.537523" rpa="false" schemaversion="5">
<suite id="s1" name="Assig3" source="/Users/satulaukkanen/Desktop/Software Testing/Assig3">
<suite id="s1-s1" name="Tests" source="/Users/satulaukkanen/Desktop/Software Testing/Assig3/tests">
<suite id="s1-s1-s1" name="alarmTask3Tests" source="/Users/satulaukkanen/Desktop/Software Testing/Assig3/tests/alarmTask3Tests.robot">
<test id="s1-s1-s1-t1" name="Path 3" line="49">
<kw name="ResetAlarm" type="SETUP">
<kw name="Reset" owner="AlarmLibrary">
<msg time="2024-05-17T11:22:43.646762" level="INFO">DISARMED_OPEN--&gt;DISARMED_OPEN</msg>
<status status="PASS" start="2024-05-17T11:22:43.646413" elapsed="0.000518"/>
</kw>
<kw name="Log To Console" owner="BuiltIn">
<arg>"Reset"</arg>
<doc>Logs the given message to the console.</doc>
<status status="PASS" start="2024-05-17T11:22:43.647244" elapsed="0.000271"/>
</kw>
<doc>"We reset the alarm FSM before each test case to ensure test independence</doc>
<status status="PASS" start="2024-05-17T11:22:43.645416" elapsed="0.002229"/>
</kw>
<kw name="Check Arm">
<kw name="Arm" owner="AlarmLibrary">
<msg time="2024-05-17T11:22:43.649086" level="INFO">DISARMED_OPEN--&gt;ARMED_OPEN</msg>
<status status="PASS" start="2024-05-17T11:22:43.648889" elapsed="0.000274"/>
</kw>
<kw name="Result Should Be" owner="AlarmLibrary">
<arg>${expected}</arg>
<status status="PASS" start="2024-05-17T11:22:43.649320" elapsed="0.000233"/>
</kw>
<arg>${0}</arg>
<status status="PASS" start="2024-05-17T11:22:43.647987" elapsed="0.001667"/>
</kw>
<kw name="Check Close Doors">
<kw name="Close Doors" owner="AlarmLibrary">
<msg time="2024-05-17T11:22:43.651024" level="INFO">ARMED_OPEN--&gt;ARMED_CLOSED</msg>
<status status="PASS" start="2024-05-17T11:22:43.650869" elapsed="0.000227"/>
</kw>
<kw name="Result Should Be" owner="AlarmLibrary">
<arg>${expected}</arg>
<status status="PASS" start="2024-05-17T11:22:43.651245" elapsed="0.000224"/>
</kw>
<arg>${1}</arg>
<status status="PASS" start="2024-05-17T11:22:43.649953" elapsed="0.001613"/>
</kw>
<kw name="Check Open Doors">
<kw name="Open Doors" owner="AlarmLibrary">
<msg time="2024-05-17T11:22:43.652806" level="INFO">ARMED_CLOSED--&gt;ARMED_OPEN</msg>
<status status="PASS" start="2024-05-17T11:22:43.652654" elapsed="0.000222"/>
</kw>
<kw name="Result Should Be" owner="AlarmLibrary">
<arg>${expected}</arg>
<status status="PASS" start="2024-05-17T11:22:43.653024" elapsed="0.000287"/>
</kw>
<arg>${27}</arg>
<status status="PASS" start="2024-05-17T11:22:43.651853" elapsed="0.001584"/>
</kw>
<kw name="Check Disarm">
<kw name="Disarm" owner="AlarmLibrary">
<msg time="2024-05-17T11:22:43.656194" level="INFO">ARMED_OPEN--&gt;DISARMED_OPEN</msg>
<status status="PASS" start="2024-05-17T11:22:43.655946" elapsed="0.000351"/>
</kw>
<kw name="Result Should Be" owner="AlarmLibrary">
<arg>${expected}</arg>
<status status="PASS" start="2024-05-17T11:22:43.656484" elapsed="0.000270"/>
</kw>
<arg>${2}</arg>
<status status="PASS" start="2024-05-17T11:22:43.654020" elapsed="0.002838"/>
</kw>
<status status="PASS" start="2024-05-17T11:22:43.644575" elapsed="0.012612"/>
</test>
<doc>A test suite for the Alarm app</doc>
<status status="PASS" start="2024-05-17T11:22:43.631199" elapsed="0.026812"/>
</suite>
<status status="PASS" start="2024-05-17T11:22:43.628047" elapsed="0.031062"/>
</suite>
<status status="PASS" start="2024-05-17T11:22:43.540841" elapsed="0.119142"/>
</suite>
<statistics>
<total>
<stat pass="1" fail="0" skip="0">All Tests</stat>
</total>
<tag>
</tag>
<suite>
<stat pass="1" fail="0" skip="0" id="s1" name="Assig3">Assig3</stat>
<stat pass="1" fail="0" skip="0" id="s1-s1" name="Tests">Assig3.Tests</stat>
<stat pass="1" fail="0" skip="0" id="s1-s1-s1" name="alarmTask3Tests">Assig3.Tests.alarmTask3Tests</stat>
</suite>
</statistics>
<errors>
</errors>
</robot>
